[debug] [2021-01-09T12:07:53.872Z] ----------------------------------------------------------------------
[debug] [2021-01-09T12:07:53.874Z] Command:       C:\Program Files\nodejs\node.exe C:\Users\David\AppData\Roaming\npm\node_modules\firebase-tools\lib\bin\firebase.js init
[debug] [2021-01-09T12:07:53.874Z] CLI Version:   9.1.2
[debug] [2021-01-09T12:07:53.874Z] Platform:      win32
[debug] [2021-01-09T12:07:53.874Z] Node Version:  v12.19.0
[debug] [2021-01-09T12:07:53.876Z] Time:          Sat Jan 09 2021 13:07:53 GMT+0100 (GMT+01:00)
[debug] [2021-01-09T12:07:53.876Z] ----------------------------------------------------------------------
[debug] [2021-01-09T12:07:53.876Z] 
[debug] [2021-01-09T12:07:53.883Z] > command requires scopes: ["email","openid","https://www.googleapis.com/auth/cloudplatformprojects.readonly","https://www.googleapis.com/auth/firebase","https://www.googleapis.com/auth/cloud-platform"]
[debug] [2021-01-09T12:07:53.884Z] > authorizing via signed-in user
[info] 
     ######## #### ########  ######## ########     ###     ######  ########
     ##        ##  ##     ## ##       ##     ##  ##   ##  ##       ##
     ######    ##  ########  ######   ########  #########  ######  ######
     ##        ##  ##    ##  ##       ##     ## ##     ##       ## ##
     ##       #### ##     ## ######## ########  ##     ##  ######  ########

You're about to initialize a Firebase project in this directory:

  C:\Users\David\Desktop\loginRegisterWithFirebase

Before we get started, keep in mind:

  * You are initializing in an existing Firebase project directory

